<?xml version="1.0" encoding="UTF-8"?>
<!-- Generated by org.testng.reporters.JUnitReportReporter -->
<testsuite hostname="DESKTOP-ER55616" failures="0" tests="1" name="pomClasses.LaunchDainikBhaskar" time="4.926" errors="0" timestamp="2023-07-18T03:22:08 IST" skipped="0">
  <testcase classname="pomClasses.LaunchDainikBhaskar" name="launchApplication1" time="4.926"/>
  <system-out/>
</testsuite> <!-- pomClasses.LaunchDainikBhaskar -->
