<?xml version="1.0" encoding="UTF-8"?>
<!-- Generated by org.testng.reporters.JUnitReportReporter -->
<testsuite hostname="DESKTOP-ER55616" failures="0" tests="1" name="pomClasses.OpenFlipkartApplication" time="3.931" errors="0" timestamp="2023-07-18T03:22:08 IST" skipped="0">
  <testcase classname="pomClasses.OpenFlipkartApplication" name="launchApplication2" time="3.931"/>
  <system-out/>
</testsuite> <!-- pomClasses.OpenFlipkartApplication -->
